<?xml version="1.0" encoding="UTF-8"?>
<!-- Generated by org.testng.reporters.JUnitXMLReporter -->
<testsuite ignored="0" hostname="CSI-0033" failures="0" tests="9" name="Default test" time="12.81" errors="0" timestamp="2020-04-18T23:31:45 IST">
  <testcase classname="testCases.HybridExecuteTest" name="testCase" time="1.905"/>
  <testcase classname="testCases.HybridExecuteTest" name="testCase" time="0.916"/>
  <testcase classname="testCases.HybridExecuteTest" name="testCase" time="5.635"/>
  <testcase classname="testCases.HybridExecuteTest" name="testCase" time="2.02"/>
  <testcase classname="testCases.HybridExecuteTest" name="testCase" time="0.087"/>
  <testcase classname="testCases.HybridExecuteTest" name="testCase" time="1.386"/>
  <testcase classname="testCases.HybridExecuteTest" name="testCase" time="0.163"/>
  <testcase classname="testCases.HybridExecuteTest" name="testCase" time="0.141"/>
  <testcase classname="testCases.HybridExecuteTest" name="testCase" time="0.122"/>
</testsuite> <!-- Default test -->
